c:\estudios\c++\sfml\resources\resources\debug\vc142.pdb
c:\estudios\c++\sfml\resources\resources\debug\vc142.idb
c:\estudios\c++\sfml\resources\resources\debug\resourceholder.obj
c:\estudios\c++\sfml\resources\resources\debug\main.obj
c:\estudios\c++\sfml\resources\debug\resources.exe
c:\estudios\c++\sfml\resources\debug\resources.ilk
c:\estudios\c++\sfml\resources\debug\resources.pdb
c:\estudios\c++\sfml\resources\resources\debug\textureholder.obj
c:\estudios\c++\sfml\resources\resources\debug\main.obj.enc
c:\estudios\c++\sfml\resources\resources\debug\resources.tlog\cl.command.1.tlog
c:\estudios\c++\sfml\resources\resources\debug\resources.tlog\cl.read.1.tlog
c:\estudios\c++\sfml\resources\resources\debug\resources.tlog\cl.write.1.tlog
c:\estudios\c++\sfml\resources\resources\debug\resources.tlog\link-cvtres.read.1.tlog
c:\estudios\c++\sfml\resources\resources\debug\resources.tlog\link-cvtres.write.1.tlog
c:\estudios\c++\sfml\resources\resources\debug\resources.tlog\link-rc.read.1.tlog
c:\estudios\c++\sfml\resources\resources\debug\resources.tlog\link-rc.write.1.tlog
c:\estudios\c++\sfml\resources\resources\debug\resources.tlog\link.23628-cvtres.read.1.tlog
c:\estudios\c++\sfml\resources\resources\debug\resources.tlog\link.23628-cvtres.write.1.tlog
c:\estudios\c++\sfml\resources\resources\debug\resources.tlog\link.23628-rc.read.1.tlog
c:\estudios\c++\sfml\resources\resources\debug\resources.tlog\link.23628-rc.write.1.tlog
c:\estudios\c++\sfml\resources\resources\debug\resources.tlog\link.23628.read.1.tlog
c:\estudios\c++\sfml\resources\resources\debug\resources.tlog\link.23628.write.1.tlog
c:\estudios\c++\sfml\resources\resources\debug\resources.tlog\link.command.1.tlog
c:\estudios\c++\sfml\resources\resources\debug\resources.tlog\link.read.1.tlog
c:\estudios\c++\sfml\resources\resources\debug\resources.tlog\link.write.1.tlog
